<?xml version="1.0" encoding="UTF-8"?>
<!-- Generated by org.testng.reporters.JUnitXMLReporter -->
<testsuite ignored="0" hostname="DESKTOP-BPHTNCM" failures="1" tests="7" name="Default test" time="58.067" errors="0" timestamp="2024-10-20T12:23:48 BDT">
  <testcase classname="MobileAutomation.Mahfil_app.watchHistory" name="dashboardButtonCheck" time="3.161"/>
  <testcase classname="MobileAutomation.Mahfil_app.watchHistory" name="notificationButtonCheck" time="3.623"/>
  <testcase classname="MobileAutomation.Mahfil_app.watchHistory" name="searchButtonCheck" time="3.507"/>
  <testcase classname="MobileAutomation.Mahfil_app.watchHistory" name="backButtonCheck" time="3.507"/>
  <testcase classname="MobileAutomation.Mahfil_app.watchHistory" name="watchedVideoSave" time="8.319">
    <failure type="java.lang.AssertionError" message="Title didn&amp;apos;t matched expected [Watch History
1 videos] but found [Watch History
12 videos]">
      <![CDATA[java.lang.AssertionError: Title didn't matched expected [Watch History
1 videos] but found [Watch History
12 videos]
at org.testng.Assert.fail(Assert.java:110)
at org.testng.Assert.failNotEquals(Assert.java:1577)
at org.testng.Assert.assertEqualsImpl(Assert.java:149)
at org.testng.Assert.assertEquals(Assert.java:131)
at org.testng.Assert.assertEquals(Assert.java:655)
at MobileAutomation.Mahfil_app.menuPageLocators.checkTitle(menuPageLocators.java:214)
at MobileAutomation.Mahfil_app.watchHistory.watchedVideoSave(watchHistory.java:113)
at java.base/jdk.internal.reflect.DirectMethodHandleAccessor.invoke(DirectMethodHandleAccessor.java:103)
at java.base/java.lang.reflect.Method.invoke(Method.java:580)
at org.testng.internal.invokers.MethodInvocationHelper.invokeMethod(MethodInvocationHelper.java:139)
at org.testng.internal.invokers.TestInvoker.invokeMethod(TestInvoker.java:677)
at org.testng.internal.invokers.TestInvoker.invokeTestMethod(TestInvoker.java:221)
at org.testng.internal.invokers.MethodRunner.runInSequence(MethodRunner.java:50)
at org.testng.internal.invokers.TestInvoker$MethodInvocationAgent.invoke(TestInvoker.java:969)
at org.testng.internal.invokers.TestInvoker.invokeTestMethods(TestInvoker.java:194)
at org.testng.internal.invokers.TestMethodWorker.invokeTestMethods(TestMethodWorker.java:148)
at org.testng.internal.invokers.TestMethodWorker.run(TestMethodWorker.java:128)
at java.base/java.util.ArrayList.forEach(ArrayList.java:1596)
at org.testng.TestRunner.privateRun(TestRunner.java:829)
at org.testng.TestRunner.run(TestRunner.java:602)
at org.testng.SuiteRunner.runTest(SuiteRunner.java:437)
at org.testng.SuiteRunner.runSequentially(SuiteRunner.java:431)
at org.testng.SuiteRunner.privateRun(SuiteRunner.java:391)
at org.testng.SuiteRunner.run(SuiteRunner.java:330)
at org.testng.SuiteRunnerWorker.runSuite(SuiteRunnerWorker.java:52)
at org.testng.SuiteRunnerWorker.run(SuiteRunnerWorker.java:95)
at org.testng.TestNG.runSuitesSequentially(TestNG.java:1256)
at org.testng.TestNG.runSuitesLocally(TestNG.java:1176)
at org.testng.TestNG.runSuites(TestNG.java:1099)
at org.testng.TestNG.run(TestNG.java:1067)
at org.testng.remote.AbstractRemoteTestNG.run(AbstractRemoteTestNG.java:115)
at org.testng.remote.RemoteTestNG.initAndRun(RemoteTestNG.java:251)
at org.testng.remote.RemoteTestNG.main(RemoteTestNG.java:77)
]]>
    </failure>
  </testcase> <!-- watchedVideoSave -->
  <testcase classname="MobileAutomation.Mahfil_app.watchHistory" name="favouriteVideoPlay" time="9.119"/>
  <testcase classname="MobileAutomation.Mahfil_app.watchHistory" name="removeButtonCheck" time="6.46"/>
</testsuite> <!-- Default test -->
