<?xml version="1.0" encoding="UTF-8"?>
<!-- Generated by org.testng.reporters.JUnitXMLReporter -->
<testsuite ignored="0" hostname="DESKTOP-BPHTNCM" failures="2" tests="8" name="Test Downloads Functionality" time="146.818" errors="0" timestamp="2024-10-17T08:49:22 BDT">
  <testcase classname="MobileAutomation.Mahfil_app.Downloads" name="downloadButtonCheckguest" time="3.697"/>
  <testcase classname="MobileAutomation.Mahfil_app.Downloads" name="downloadButtonCheck_general" time="2.668"/>
  <testcase classname="MobileAutomation.Mahfil_app.Downloads" name="premiumcloseButtonCheck" time="3.37"/>
  <testcase classname="MobileAutomation.Mahfil_app.Downloads" name="dashboardButtonCheck_premium" time="3.672"/>
  <testcase classname="MobileAutomation.Mahfil_app.Downloads" name="downloadCheck" time="18.797">
    <failure type="java.lang.AssertionError" message="Title didn&amp;apos;t matched expected [Downloads
1 videos Downloaded] but found [Downloads
2 videos Downloaded]">
      <![CDATA[java.lang.AssertionError: Title didn't matched expected [Downloads
1 videos Downloaded] but found [Downloads
2 videos Downloaded]
at MobileAutomation.Mahfil_app.menuPageLocators.checkTitle(menuPageLocators.java:214)
at MobileAutomation.Mahfil_app.Downloads.downloadCheck(Downloads.java:115)
at java.base/java.util.ArrayList.forEach(ArrayList.java:1596)
... Removed 30 stack frames]]>
    </failure>
  </testcase> <!-- downloadCheck -->
  <testcase classname="MobileAutomation.Mahfil_app.Downloads" name="downloadvideoplaycheck" time="8.062"/>
  <testcase classname="MobileAutomation.Mahfil_app.Downloads" name="offlinedownloadvideoplaycheck" time="16.737">
    <failure type="org.openqa.selenium.NoSuchElementException" message="Can&amp;apos;t locate an element by this strategy: By.chained({AppiumBy.accessibilityId: See Downloaded videos})">
      <![CDATA[org.openqa.selenium.NoSuchElementException: Can't locate an element by this strategy: By.chained({AppiumBy.accessibilityId: See Downloaded videos})
at io.appium.java_client.pagefactory.AppiumElementLocator.findElement(AppiumElementLocator.java:166)
at io.appium.java_client.pagefactory.interceptors.InterceptorOfASingleElement.call(InterceptorOfASingleElement.java:64)
at io.appium.java_client.proxy.Interceptor.intercept(Interceptor.java:78)
at org.openqa.selenium.remote.RemoteWebElement$ByteBuddy$aEg5byh1.click(Unknown Source)
at MobileAutomation.Mahfil_app.downloadLocators.clickSeeDownloadedVideo(downloadLocators.java:56)
at MobileAutomation.Mahfil_app.Downloads.offlinedownloadvideoplaycheck(Downloads.java:130)
at java.base/java.util.ArrayList.forEach(ArrayList.java:1596)
Caused by: org.openqa.selenium.TimeoutException: Expected condition failed: waiting for io.appium.java_client.pagefactory.AppiumElementLocator$WaitingFunction@6915e5ca (tried for 1 second(s) with 500 milliseconds interval)
at org.openqa.selenium.support.ui.FluentWait.timeoutException(FluentWait.java:262)
at org.openqa.selenium.support.ui.FluentWait.until(FluentWait.java:230)
at io.appium.java_client.pagefactory.AppiumElementLocator.waitFor(AppiumElementLocator.java:135)
at io.appium.java_client.pagefactory.AppiumElementLocator.findElement(AppiumElementLocator.java:160)
... 31 more
Caused by: org.openqa.selenium.NoSuchElementException: Cannot locate an element using By.chained({AppiumBy.accessibilityId: See Downloaded videos})
For documentation on this error, please visit: https://www.selenium.dev/documentation/webdriver/troubleshooting/errors#no-such-element-exception
Build info: version: '4.13.0', revision: 'ba948ece5b*'
System info: os.name: 'Windows 10', os.arch: 'amd64', os.version: '10.0', java.version: '21'
Driver info: driver.version: RemoteWebDriver
at io.appium.java_client.pagefactory.bys.builder.ByChained.findElement(ByChained.java:77)
at org.openqa.selenium.remote.ElementLocation$ElementFinder$1.findElement(ElementLocation.java:139)
at org.openqa.selenium.remote.ElementLocation.findElement(ElementLocation.java:59)
at org.openqa.selenium.remote.RemoteWebDriver.findElement(RemoteWebDriver.java:359)
at org.openqa.selenium.remote.RemoteWebDriver.findElement(RemoteWebDriver.java:353)
at io.appium.java_client.pagefactory.bys.ContentMappedBy.findElement(ContentMappedBy.java:53)
at org.openqa.selenium.remote.ElementLocation$ElementFinder$1.findElement(ElementLocation.java:139)
at org.openqa.selenium.remote.ElementLocation.findElement(ElementLocation.java:59)
at org.openqa.selenium.remote.RemoteWebDriver.findElement(RemoteWebDriver.java:359)
at org.openqa.selenium.remote.RemoteWebDriver.findElement(RemoteWebDriver.java:353)
at io.appium.java_client.pagefactory.AppiumElementLocator.lambda$findElement$1(AppiumElementLocator.java:160)
at io.appium.java_client.pagefactory.AppiumElementLocator$WaitingFunction.apply(AppiumElementLocator.java:217)
at io.appium.java_client.pagefactory.AppiumElementLocator$WaitingFunction.apply(AppiumElementLocator.java:210)
at org.openqa.selenium.support.ui.FluentWait.until(FluentWait.java:205)
... 33 more
... Removed 25 stack frames]]>
    </failure>
  </testcase> <!-- offlinedownloadvideoplaycheck -->
  <testcase classname="MobileAutomation.Mahfil_app.Downloads" name="removeButtonCheck" time="0.0">
    <skipped/>
  </testcase> <!-- removeButtonCheck -->
</testsuite> <!-- Test Downloads Functionality -->
